<?xml version="1.0" encoding="UTF-8"?>
<!-- Generated by org.testng.reporters.JUnitReportReporter -->
<testsuite hostname="DESKTOP-AIL56GR" failures="0" tests="1" name="com.testCases.newTradeTest" time="29.639" errors="0" timestamp="2023-10-07T19:27:41 IST" skipped="0">
  <testcase classname="com.testCases.newTradeTest" name="newtrade" time="29.639"/>
  <system-out>
    <![CDATA[Moved to Home Page
Page Title: Xceler CTRM
Total Trades before adding new: Total 1153 Trade
New Trade Creation Started
New Trade Created
Sell count: 12
Buy count: 8
New trade data: DRAFT-080883
BUY or SELL: SELL
Total Trades After adding new: Total 1154 Trade]]>
  </system-out>
</testsuite> <!-- com.testCases.newTradeTest -->
