<?xml version="1.0" encoding="UTF-8"?>
<!-- Generated by org.testng.reporters.JUnitReportReporter -->
<testsuite hostname="DESKTOP-AIL56GR" failures="0" tests="1" name="com.testCases.loginTest" time="83.844" errors="0" timestamp="2023-10-07T19:27:41 IST" skipped="0">
  <testcase classname="com.testCases.loginTest" name="login" time="83.844"/>
  <system-out>
    <![CDATA[Company entered: manu
Username entered: Hrishikesh
Password entered: Hrishikesh@1234
Logged In]]>
  </system-out>
</testsuite> <!-- com.testCases.loginTest -->
