<?xml version="1.0" encoding="UTF-8"?>
<!-- Generated by org.testng.reporters.JUnitReportReporter -->
<testsuite hostname="DESKTOP-AIL56GR" failures="0" tests="1" name="com.testCases.testFireHappyPath" time="43.210" errors="0" timestamp="2023-10-06T15:20:09 IST" skipped="0">
  <testcase classname="com.testCases.testFireHappyPath" name="happyPath" time="43.210"/>
  <system-out/>
</testsuite> <!-- com.testCases.testFireHappyPath -->
